# JRE version: Java(TM) SE Runtime Environment (8.0_191-b12) (build 1.8.0_191-b12)
# Java VM: Java HotSpot(TM) 64-Bit Server VM (25.191-b12 mixed mode windows-amd64 compressed oops)
Heap:
 PSYoungGen      total 548352K, used 8949K [0x00000000d6000000, 0x00000000fae80000, 0x0000000100000000)
  eden space 539136K, 0% used [0x00000000d6000000,0x00000000d6000000,0x00000000f6e80000)
  from space 9216K, 97% used [0x00000000f6e80000,0x00000000f773d690,0x00000000f7780000)
  to   space 32768K, 0% used [0x00000000f8e80000,0x00000000f8e80000,0x00000000fae80000)
 ParOldGen       total 109056K, used 29487K [0x0000000082000000, 0x0000000088a80000, 0x00000000d6000000)
  object space 109056K, 27% used [0x0000000082000000,0x0000000083ccbcf8,0x0000000088a80000)
 Metaspace       used 78818K, capacity 83330K, committed 83584K, reserved 1122304K
  class space    used 10076K, capacity 10877K, committed 10880K, reserved 1048576K
GC Heap History (10 events):
Event: 328.739 GC heap after
Heap after GC invocations=24 (full 6):
 PSYoungGen      total 481280K, used 25665K [0x00000000d6000000, 0x00000000fb480000, 0x0000000100000000)
  eden space 453632K, 0% used [0x00000000d6000000,0x00000000d6000000,0x00000000f1b00000)
  from space 27648K, 92% used [0x00000000f3a00000,0x00000000f5310710,0x00000000f5500000)
  to   space 31744K, 0% used [0x00000000f1b00000,0x00000000f1b00000,0x00000000f3a00000)
 ParOldGen       total 109056K, used 28769K [0x0000000082000000, 0x0000000088a80000, 0x00000000d6000000)
  object space 109056K, 26% used [0x0000000082000000,0x0000000083c186f8,0x0000000088a80000)
 Metaspace       used 73628K, capacity 78122K, committed 78464K, reserved 1118208K
  class space    used 9760K, capacity 10525K, committed 10624K, reserved 1048576K
}
Event: 894.770 GC heap before
{Heap before GC invocations=25 (full 6):
 PSYoungGen      total 481280K, used 302829K [0x00000000d6000000, 0x00000000fb480000, 0x0000000100000000)
  eden space 453632K, 61% used [0x00000000d6000000,0x00000000e6eaaf18,0x00000000f1b00000)
  from space 27648K, 92% used [0x00000000f3a00000,0x00000000f5310710,0x00000000f5500000)
  to   space 31744K, 0% used [0x00000000f1b00000,0x00000000f1b00000,0x00000000f3a00000)
 ParOldGen       total 109056K, used 28769K [0x0000000082000000, 0x0000000088a80000, 0x00000000d6000000)
  object space 109056K, 26% used [0x0000000082000000,0x0000000083c186f8,0x0000000088a80000)
 Metaspace       used 73827K, capacity 78308K, committed 78464K, reserved 1118208K
  class space    used 9779K, capacity 10563K, committed 10624K, reserved 1048576K
Event: 894.785 GC heap after
Heap after GC invocations=25 (full 6):
 PSYoungGen      total 485376K, used 7705K [0x00000000d6000000, 0x00000000fb280000, 0x0000000100000000)
  eden space 453632K, 0% used [0x00000000d6000000,0x00000000d6000000,0x00000000f1b00000)
  from space 31744K, 24% used [0x00000000f1b00000,0x00000000f2286530,0x00000000f3a00000)
  to   space 30720K, 0% used [0x00000000f9480000,0x00000000f9480000,0x00000000fb280000)
 ParOldGen       total 109056K, used 28777K [0x0000000082000000, 0x0000000088a80000, 0x00000000d6000000)
  object space 109056K, 26% used [0x0000000082000000,0x0000000083c1a6f8,0x0000000088a80000)
 Metaspace       used 73827K, capacity 78308K, committed 78464K, reserved 1118208K
  class space    used 9779K, capacity 10563K, committed 10624K, reserved 1048576K
}
Event: 894.785 GC heap before
{Heap before GC invocations=26 (full 7):
 PSYoungGen      total 485376K, used 7705K [0x00000000d6000000, 0x00000000fb280000, 0x0000000100000000)
  eden space 453632K, 0% used [0x00000000d6000000,0x00000000d6000000,0x00000000f1b00000)
  from space 31744K, 24% used [0x00000000f1b00000,0x00000000f2286530,0x00000000f3a00000)
  to   space 30720K, 0% used [0x00000000f9480000,0x00000000f9480000,0x00000000fb280000)
 ParOldGen       total 109056K, used 28777K [0x0000000082000000, 0x0000000088a80000, 0x00000000d6000000)
  object space 109056K, 26% used [0x0000000082000000,0x0000000083c1a6f8,0x0000000088a80000)
 Metaspace       used 73827K, capacity 78308K, committed 78464K, reserved 1118208K
  class space    used 9779K, capacity 10563K, committed 10624K, reserved 1048576K
Event: 895.083 GC heap after
Heap after GC invocations=26 (full 7):
 PSYoungGen      total 485376K, used 0K [0x00000000d6000000, 0x00000000fb280000, 0x0000000100000000)
  eden space 453632K, 0% used [0x00000000d6000000,0x00000000d6000000,0x00000000f1b00000)
  from space 31744K, 0% used [0x00000000f1b00000,0x00000000f1b00000,0x00000000f3a00000)
  to   space 30720K, 0% used [0x00000000f9480000,0x00000000f9480000,0x00000000fb280000)
 ParOldGen       total 109056K, used 29471K [0x0000000082000000, 0x0000000088a80000, 0x00000000d6000000)
  object space 109056K, 27% used [0x0000000082000000,0x0000000083cc7cf8,0x0000000088a80000)
 Metaspace       used 73819K, capacity 78290K, committed 78464K, reserved 1118208K
  class space    used 9777K, capacity 10558K, committed 10624K, reserved 1048576K
}
Event: 909.618 GC heap before
{Heap before GC invocations=27 (full 7):
 PSYoungGen      total 485376K, used 453632K [0x00000000d6000000, 0x00000000fb280000, 0x0000000100000000)
  eden space 453632K, 100% used [0x00000000d6000000,0x00000000f1b00000,0x00000000f1b00000)
  from space 31744K, 0% used [0x00000000f1b00000,0x00000000f1b00000,0x00000000f3a00000)
  to   space 30720K, 0% used [0x00000000f9480000,0x00000000f9480000,0x00000000fb280000)
 ParOldGen       total 109056K, used 29471K [0x0000000082000000, 0x0000000088a80000, 0x00000000d6000000)
  object space 109056K, 27% used [0x0000000082000000,0x0000000083cc7cf8,0x0000000088a80000)
 Metaspace       used 74818K, capacity 79360K, committed 79616K, reserved 1118208K
  class space    used 9843K, capacity 10633K, committed 10752K, reserved 1048576K
Event: 909.683 GC heap after
Heap after GC invocations=27 (full 7):
 PSYoungGen      total 567808K, used 25686K [0x00000000d6000000, 0x00000000fb080000, 0x0000000100000000)
  eden space 539136K, 0% used [0x00000000d6000000,0x00000000d6000000,0x00000000f6e80000)
  from space 28672K, 89% used [0x00000000f9480000,0x00000000fad95b08,0x00000000fb080000)
  to   space 33792K, 0% used [0x00000000f6e80000,0x00000000f6e80000,0x00000000f8f80000)
 ParOldGen       total 109056K, used 29479K [0x0000000082000000, 0x0000000088a80000, 0x00000000d6000000)
  object space 109056K, 27% used [0x0000000082000000,0x0000000083cc9cf8,0x0000000088a80000)
 Metaspace       used 74818K, capacity 79360K, committed 79616K, reserved 1118208K
  class space    used 9843K, capacity 10633K, committed 10752K, reserved 1048576K
}
Event: 1836.465 GC heap before
{Heap before GC invocations=28 (full 7):
 PSYoungGen      total 567808K, used 407745K [0x00000000d6000000, 0x00000000fb080000, 0x0000000100000000)
  eden space 539136K, 70% used [0x00000000d6000000,0x00000000ed51aae0,0x00000000f6e80000)
  from space 28672K, 89% used [0x00000000f9480000,0x00000000fad95b08,0x00000000fb080000)
  to   space 33792K, 0% used [0x00000000f6e80000,0x00000000f6e80000,0x00000000f8f80000)
 ParOldGen       total 109056K, used 29479K [0x0000000082000000, 0x0000000088a80000, 0x00000000d6000000)
  object space 109056K, 27% used [0x0000000082000000,0x0000000083cc9cf8,0x0000000088a80000)
 Metaspace       used 78818K, capacity 83330K, committed 83584K, reserved 1122304K
  class space    used 10076K, capacity 10877K, committed 10880K, reserved 1048576K
Event: 1836.480 GC heap after
Heap after GC invocations=28 (full 7):
 PSYoungGen      total 548352K, used 8949K [0x00000000d6000000, 0x00000000fae80000, 0x0000000100000000)
  eden space 539136K, 0% used [0x00000000d6000000,0x00000000d6000000,0x00000000f6e80000)
  from space 9216K, 97% used [0x00000000f6e80000,0x00000000f773d690,0x00000000f7780000)
  to   space 32768K, 0% used [0x00000000f8e80000,0x00000000f8e80000,0x00000000fae80000)
 ParOldGen       total 109056K, used 29487K [0x0000000082000000, 0x0000000088a80000, 0x00000000d6000000)
  object space 109056K, 27% used [0x0000000082000000,0x0000000083ccbcf8,0x0000000088a80000)
 Metaspace       used 78818K, capacity 83330K, committed 83584K, reserved 1122304K
  class space    used 10076K, capacity 10877K, committed 10880K, reserved 1048576K
}
Event: 1836.480 GC heap before
{Heap before GC invocations=29 (full 8):
 PSYoungGen      total 548352K, used 8949K [0x00000000d6000000, 0x00000000fae80000, 0x0000000100000000)
  eden space 539136K, 0% used [0x00000000d6000000,0x00000000d6000000,0x00000000f6e80000)
  from space 9216K, 97% used [0x00000000f6e80000,0x00000000f773d690,0x00000000f7780000)
  to   space 32768K, 0% used [0x00000000f8e80000,0x00000000f8e80000,0x00000000fae80000)
 ParOldGen       total 109056K, used 29487K [0x0000000082000000, 0x0000000088a80000, 0x00000000d6000000)
  object space 109056K, 27% used [0x0000000082000000,0x0000000083ccbcf8,0x0000000088a80000)
 Metaspace       used 78818K, capacity 83330K, committed 83584K, reserved 1122304K
  class space    used 10076K, capacity 10877K, committed 10880K, reserved 1048576K

